<?xml version="1.0" encoding="UTF-8"?>
<testng-results ignored="0" total="1" passed="1" failed="0" skipped="0">
  <reporter-output>
  </reporter-output>
  <suite started-at="2024-11-13T14:59:54 IST" name="Default suite" finished-at="2024-11-13T14:59:58 IST" duration-ms="4112">
    <groups>
    </groups>
    <test started-at="2024-11-13T14:59:54 IST" name="Default test" finished-at="2024-11-13T14:59:58 IST" duration-ms="4112">
      <class name="selenium.tests">
        <test-method is-config="true" signature="setup()[pri:0, instance:selenium.tests@402c4085]" started-at="2024-11-13T14:59:54 IST" name="setup" finished-at="2024-11-13T14:59:56 IST" duration-ms="1309" status="PASS">
          <reporter-output>
          </reporter-output>
        </test-method> <!-- setup -->
        <test-method is-config="true" signature="url()[pri:0, instance:selenium.tests@402c4085]" started-at="2024-11-13T14:59:56 IST" name="url" finished-at="2024-11-13T14:59:58 IST" duration-ms="2531" status="PASS">
          <reporter-output>
          </reporter-output>
        </test-method> <!-- url -->
        <test-method signature="test1()[pri:0, instance:selenium.tests@402c4085]" started-at="2024-11-13T14:59:58 IST" name="test1" finished-at="2024-11-13T14:59:58 IST" duration-ms="240" status="PASS">
          <reporter-output>
          </reporter-output>
        </test-method> <!-- test1 -->
      </class> <!-- selenium.tests -->
    </test> <!-- Default test -->
  </suite> <!-- Default suite -->
</testng-results>
